c:\users\danil\desktop\007_patterns\3\sbomberproject\sbomberproject\x64\debug\vc143.pdb
c:\users\danil\desktop\007_patterns\3\sbomberproject\sbomberproject\x64\debug\vc143.idb
c:\users\danil\desktop\007_patterns\3\sbomberproject\sbomberproject\x64\debug\wintertank.obj
c:\users\danil\desktop\007_patterns\3\sbomberproject\sbomberproject\x64\debug\winterhouse.obj
c:\users\danil\desktop\007_patterns\3\sbomberproject\sbomberproject\x64\debug\winterground.obj
c:\users\danil\desktop\007_patterns\3\sbomberproject\sbomberproject\x64\debug\winterfactory.obj
c:\users\danil\desktop\007_patterns\3\sbomberproject\sbomberproject\x64\debug\tankadaptee.obj
c:\users\danil\desktop\007_patterns\3\sbomberproject\sbomberproject\x64\debug\tank.obj
c:\users\danil\desktop\007_patterns\3\sbomberproject\sbomberproject\x64\debug\sbomberproject.obj
c:\users\danil\desktop\007_patterns\3\sbomberproject\sbomberproject\x64\debug\sbomber.obj
c:\users\danil\desktop\007_patterns\3\sbomberproject\sbomberproject\x64\debug\plane.obj
c:\users\danil\desktop\007_patterns\3\sbomberproject\sbomberproject\x64\debug\mytools.obj
c:\users\danil\desktop\007_patterns\3\sbomberproject\sbomberproject\x64\debug\levelgui.obj
c:\users\danil\desktop\007_patterns\3\sbomberproject\sbomberproject\x64\debug\house.obj
c:\users\danil\desktop\007_patterns\3\sbomberproject\sbomberproject\x64\debug\ground.obj
c:\users\danil\desktop\007_patterns\3\sbomberproject\sbomberproject\x64\debug\bomb.obj
c:\users\danil\desktop\007_patterns\4\sbomberproject\sbomberproject\x64\debug\vc143.pdb
c:\users\danil\desktop\007_patterns\4\sbomberproject\sbomberproject\x64\debug\vc143.idb
c:\users\danil\desktop\007_patterns\4\sbomberproject\sbomberproject\x64\debug\wintertank.obj
c:\users\danil\desktop\007_patterns\4\sbomberproject\sbomberproject\x64\debug\winterhouse.obj
c:\users\danil\desktop\007_patterns\4\sbomberproject\sbomberproject\x64\debug\winterground.obj
c:\users\danil\desktop\007_patterns\4\sbomberproject\sbomberproject\x64\debug\winterfactory.obj
c:\users\danil\desktop\007_patterns\4\sbomberproject\sbomberproject\x64\debug\tree.obj
c:\users\danil\desktop\007_patterns\4\sbomberproject\sbomberproject\x64\debug\tankadaptee.obj
c:\users\danil\desktop\007_patterns\4\sbomberproject\sbomberproject\x64\debug\tank.obj
c:\users\danil\desktop\007_patterns\4\sbomberproject\sbomberproject\x64\debug\sbomberproject.obj
c:\users\danil\desktop\007_patterns\4\sbomberproject\sbomberproject\x64\debug\sbomber.obj
c:\users\danil\desktop\007_patterns\4\sbomberproject\sbomberproject\x64\debug\plane.obj
c:\users\danil\desktop\007_patterns\4\sbomberproject\sbomberproject\x64\debug\mytools.obj
c:\users\danil\desktop\007_patterns\4\sbomberproject\sbomberproject\x64\debug\levelgui.obj
c:\users\danil\desktop\007_patterns\4\sbomberproject\sbomberproject\x64\debug\house.obj
c:\users\danil\desktop\007_patterns\4\sbomberproject\sbomberproject\x64\debug\ground.obj
c:\users\danil\desktop\007_patterns\4\sbomberproject\sbomberproject\x64\debug\bomb.obj
c:\users\danil\desktop\007_patterns\3\sbomberproject\sbomberproject\x64\debug\sbomberproject.ilk
c:\users\danil\desktop\007_patterns\3\sbomberproject\x64\debug\sbomberproject.exe
c:\users\danil\desktop\007_patterns\3\sbomberproject\x64\debug\sbomberproject.pdb
c:\users\danil\desktop\007_patterns\4\sbomberproject\x64\debug\sbomberproject.exe
c:\users\danil\desktop\007_patterns\4\sbomberproject\sbomberproject\x64\debug\sbomberproject.ilk
c:\users\danil\desktop\007_patterns\4\sbomberproject\x64\debug\sbomberproject.pdb
c:\users\danil\desktop\007_patterns\4\sbomberproject\sbomberproject\x64\debug\sbomberproject.tlog\cl.command.1.tlog
c:\users\danil\desktop\007_patterns\4\sbomberproject\sbomberproject\x64\debug\sbomberproject.tlog\cl.read.1.tlog
c:\users\danil\desktop\007_patterns\4\sbomberproject\sbomberproject\x64\debug\sbomberproject.tlog\cl.write.1.tlog
c:\users\danil\desktop\007_patterns\4\sbomberproject\sbomberproject\x64\debug\sbomberproject.tlog\link.command.1.tlog
c:\users\danil\desktop\007_patterns\4\sbomberproject\sbomberproject\x64\debug\sbomberproject.tlog\link.read.1.tlog
c:\users\danil\desktop\007_patterns\4\sbomberproject\sbomberproject\x64\debug\sbomberproject.tlog\link.write.1.tlog
